Runner/build/outputs/logs/manifest-merger-debug-report.txt
-- Merging decision tree log ---
manifest
ADDED from src\main\AndroidManifest.xml:2:1-18:12
	package
		ADDED from src\main\AndroidManifest.xml:2:70-113
	android:versionName
		ADDED from src\main\AndroidManifest.xml:2:161-186
		INJECTED from src\main\AndroidManifest.xml
		INJECTED from src\main\AndroidManifest.xml
	xmlns:tools
		ADDED from src\main\AndroidManifest.xml:2:114-160
	android:versionCode
		ADDED from src\main\AndroidManifest.xml:2:187-210
		INJECTED from src\main\AndroidManifest.xml
		INJECTED from src\main\AndroidManifest.xml
	xmlns:android
		ADDED from src\main\AndroidManifest.xml:2:11-69
	android:installLocation
		ADDED from src\main\AndroidManifest.xml:2:211-251
supports-screens
ADDED from src\main\AndroidManifest.xml:3:3-163
	android:largeScreens
		ADDED from src\main\AndroidManifest.xml:3:78-105
	android:smallScreens
		ADDED from src\main\AndroidManifest.xml:3:21-48
	android:normalScreens
		ADDED from src\main\AndroidManifest.xml:3:49-77
	android:xlargeScreens
		ADDED from src\main\AndroidManifest.xml:3:106-134
	android:anyDensity
		ADDED from src\main\AndroidManifest.xml:3:135-160
application
ADDED from src\main\AndroidManifest.xml:4:3-11:17
	android:label
		ADDED from src\main\AndroidManifest.xml:4:92-124
	android:icon
		ADDED from src\main\AndroidManifest.xml:4:58-91
	android:banner
		ADDED from src\main\AndroidManifest.xml:4:147-184
	android:theme
		ADDED from src\main\AndroidManifest.xml:4:16-57
	android:isGame
		ADDED from src\main\AndroidManifest.xml:4:125-146
activity#com.example.endlessrunnerapp.game.UnityPlayerActivity
ADDED from src\main\AndroidManifest.xml:5:5-7:16
	android:screenOrientation
		ADDED from src\main\AndroidManifest.xml:5:48-92
	android:label
		ADDED from src\main\AndroidManifest.xml:5:15-47
	android:launchMode
		ADDED from src\main\AndroidManifest.xml:5:93-124
	android:configChanges
		ADDED from src\main\AndroidManifest.xml:5:125-298
	android:name
		ADDED from src\main\AndroidManifest.xml:5:299-367
meta-data#unityplayer.UnityActivity
ADDED from src\main\AndroidManifest.xml:6:7-82
	android:value
		ADDED from src\main\AndroidManifest.xml:6:59-79
	android:name
		ADDED from src\main\AndroidManifest.xml:6:18-58
meta-data#unity.build-id
ADDED from src\main\AndroidManifest.xml:8:5-101
	android:value
		ADDED from src\main\AndroidManifest.xml:8:46-98
	android:name
		ADDED from src\main\AndroidManifest.xml:8:16-45
meta-data#unity.splash-mode
ADDED from src\main\AndroidManifest.xml:9:5-69
	android:value
		ADDED from src\main\AndroidManifest.xml:9:49-66
	android:name
		ADDED from src\main\AndroidManifest.xml:9:16-48
meta-data#unity.splash-enable
ADDED from src\main\AndroidManifest.xml:10:5-74
	android:value
		ADDED from src\main\AndroidManifest.xml:10:51-71
	android:name
		ADDED from src\main\AndroidManifest.xml:10:16-50
uses-sdk
ADDED from src\main\AndroidManifest.xml:12:3-72
	android:targetSdkVersion
		ADDED from src\main\AndroidManifest.xml:12:40-69
		INJECTED from src\main\AndroidManifest.xml
		INJECTED from src\main\AndroidManifest.xml
	android:minSdkVersion
		ADDED from src\main\AndroidManifest.xml:12:13-39
uses-feature#0x00020000
ADDED from src\main\AndroidManifest.xml:13:3-52
	android:glEsVersion
		ADDED from src\main\AndroidManifest.xml:13:17-49
uses-feature#android.hardware.vulkan
ADDED from src\main\AndroidManifest.xml:14:3-83
	android:required
		ADDED from src\main\AndroidManifest.xml:14:56-80
	android:name
		ADDED from src\main\AndroidManifest.xml:14:17-55
uses-feature#android.hardware.touchscreen
ADDED from src\main\AndroidManifest.xml:15:3-88
	android:required
		ADDED from src\main\AndroidManifest.xml:15:61-85
	android:name
		ADDED from src\main\AndroidManifest.xml:15:17-60
uses-feature#android.hardware.touchscreen.multitouch
ADDED from src\main\AndroidManifest.xml:16:3-99
	android:required
		ADDED from src\main\AndroidManifest.xml:16:72-96
	android:name
		ADDED from src\main\AndroidManifest.xml:16:17-71
uses-feature#android.hardware.touchscreen.multitouch.distinct
ADDED from src\main\AndroidManifest.xml:17:3-108
	android:required
		ADDED from src\main\AndroidManifest.xml:17:81-105
	android:name
		ADDED from src\main\AndroidManifest.xml:17:17-80